mode: set
github.com/tehAnswer/cabimarkt/checkout.go:24.30,29.2 1 1
github.com/tehAnswer/cabimarkt/checkout.go:31.55,32.58 1 1
github.com/tehAnswer/cabimarkt/checkout.go:42.2,42.12 1 1
github.com/tehAnswer/cabimarkt/checkout.go:32.58,34.3 1 1
github.com/tehAnswer/cabimarkt/checkout.go:34.3,35.57 1 1
github.com/tehAnswer/cabimarkt/checkout.go:35.57,37.4 1 1
github.com/tehAnswer/cabimarkt/checkout.go:37.4,39.4 1 1
github.com/tehAnswer/cabimarkt/checkout.go:45.55,46.30 1 1
github.com/tehAnswer/cabimarkt/checkout.go:50.2,57.38 6 1
github.com/tehAnswer/cabimarkt/checkout.go:61.2,62.16 2 1
github.com/tehAnswer/cabimarkt/checkout.go:46.30,48.3 1 1
github.com/tehAnswer/cabimarkt/checkout.go:57.38,59.3 1 1
github.com/tehAnswer/cabimarkt/checkout.go:62.16,64.38 2 1
github.com/tehAnswer/cabimarkt/checkout.go:70.3,70.20 1 1
github.com/tehAnswer/cabimarkt/checkout.go:64.38,66.35 2 1
github.com/tehAnswer/cabimarkt/checkout.go:66.35,68.5 1 0
github.com/tehAnswer/cabimarkt/checkout.go:71.3,73.3 1 1
github.com/tehAnswer/cabimarkt/checkout.go:76.143,78.6 2 1
github.com/tehAnswer/cabimarkt/checkout.go:78.6,79.10 1 1
github.com/tehAnswer/cabimarkt/checkout.go:80.38,82.43 2 1
github.com/tehAnswer/cabimarkt/checkout.go:85.28,86.29 1 1
github.com/tehAnswer/cabimarkt/checkout.go:87.38,88.36 1 0
github.com/tehAnswer/cabimarkt/checkout.go:82.43,84.5 1 1
github.com/tehAnswer/cabimarkt/checkout.go:93.69,94.38 1 1
github.com/tehAnswer/cabimarkt/checkout.go:99.2,99.12 1 1
github.com/tehAnswer/cabimarkt/checkout.go:94.38,95.32 1 1
github.com/tehAnswer/cabimarkt/checkout.go:95.32,97.4 1 1
github.com/tehAnswer/cabimarkt/checkout.go:102.67,105.2 2 1
github.com/tehAnswer/cabimarkt/checkout.go:107.90,109.2 1 1
github.com/tehAnswer/cabimarkt/handler.go:25.36,29.2 1 1
github.com/tehAnswer/cabimarkt/handler.go:31.113,33.65 2 1
github.com/tehAnswer/cabimarkt/handler.go:33.65,35.3 1 1
github.com/tehAnswer/cabimarkt/handler.go:35.3,37.3 1 1
github.com/tehAnswer/cabimarkt/handler.go:40.112,50.39 3 1
github.com/tehAnswer/cabimarkt/handler.go:56.2,56.21 1 1
github.com/tehAnswer/cabimarkt/handler.go:50.39,51.96 1 1
github.com/tehAnswer/cabimarkt/handler.go:51.96,53.4 1 1
github.com/tehAnswer/cabimarkt/promotion.go:23.68,25.2 1 1
github.com/tehAnswer/cabimarkt/promotion.go:27.49,29.2 1 1
github.com/tehAnswer/cabimarkt/promotion.go:31.78,33.2 1 1
github.com/tehAnswer/cabimarkt/promotion.go:35.56,35.85 1 1
github.com/tehAnswer/cabimarkt/promotion.go:36.56,36.79 1 1
github.com/tehAnswer/cabimarkt/promotion.go:38.70,39.29 1 1
github.com/tehAnswer/cabimarkt/promotion.go:39.29,51.3 4 1
github.com/tehAnswer/cabimarkt/promotion.go:51.3,53.3 1 1
github.com/tehAnswer/cabimarkt/promotion.go:64.66,66.2 1 1
github.com/tehAnswer/cabimarkt/promotion.go:68.47,70.2 1 1
github.com/tehAnswer/cabimarkt/promotion.go:72.76,74.2 1 1
github.com/tehAnswer/cabimarkt/promotion.go:76.54,76.83 1 1
github.com/tehAnswer/cabimarkt/promotion.go:77.54,77.77 1 1
github.com/tehAnswer/cabimarkt/promotion.go:79.68,80.29 1 1
github.com/tehAnswer/cabimarkt/promotion.go:80.29,88.3 1 1
github.com/tehAnswer/cabimarkt/promotion.go:88.3,90.3 1 1
github.com/tehAnswer/cabimarkt/promotion.go:100.70,102.2 1 1
github.com/tehAnswer/cabimarkt/promotion.go:104.51,106.2 1 1
github.com/tehAnswer/cabimarkt/promotion.go:108.80,110.2 1 1
github.com/tehAnswer/cabimarkt/promotion.go:112.58,112.87 1 0
github.com/tehAnswer/cabimarkt/promotion.go:113.58,113.81 1 0
github.com/tehAnswer/cabimarkt/promotion.go:115.72,116.51 1 1
github.com/tehAnswer/cabimarkt/promotion.go:116.51,124.3 1 1
github.com/tehAnswer/cabimarkt/promotion.go:124.3,126.3 1 1
github.com/tehAnswer/cabimarkt/catalog.go:28.28,29.17 1 1
github.com/tehAnswer/cabimarkt/catalog.go:37.2,37.17 1 1
github.com/tehAnswer/cabimarkt/catalog.go:29.17,36.3 3 1
github.com/tehAnswer/cabimarkt/catalog.go:40.37,44.2 3 1
github.com/tehAnswer/cabimarkt/catalog.go:46.42,64.2 4 1
github.com/tehAnswer/cabimarkt/catalog.go:66.63,67.45 1 1
github.com/tehAnswer/cabimarkt/catalog.go:67.45,75.3 3 1
github.com/tehAnswer/cabimarkt/catalog.go:75.3,77.3 1 1
github.com/tehAnswer/cabimarkt/catalog.go:80.51,81.45 1 1
github.com/tehAnswer/cabimarkt/catalog.go:81.45,85.3 3 1
github.com/tehAnswer/cabimarkt/catalog.go:85.3,87.3 1 1
github.com/tehAnswer/cabimarkt/catalog.go:90.68,91.45 1 1
github.com/tehAnswer/cabimarkt/catalog.go:91.45,94.3 2 1
github.com/tehAnswer/cabimarkt/catalog.go:94.3,96.3 1 0
github.com/tehAnswer/cabimarkt/catalog.go:99.67,100.45 1 1
github.com/tehAnswer/cabimarkt/catalog.go:100.45,103.3 2 1
github.com/tehAnswer/cabimarkt/catalog.go:103.3,105.3 1 0
github.com/tehAnswer/cabimarkt/catalog.go:108.57,109.49 1 1
github.com/tehAnswer/cabimarkt/catalog.go:109.49,111.3 1 1
github.com/tehAnswer/cabimarkt/catalog.go:111.3,113.3 1 1
github.com/tehAnswer/cabimarkt/catalog.go:115.65,116.64 1 1
github.com/tehAnswer/cabimarkt/catalog.go:116.64,117.72 1 1
github.com/tehAnswer/cabimarkt/catalog.go:117.72,119.4 1 1
github.com/tehAnswer/cabimarkt/catalog.go:119.4,123.4 3 1
github.com/tehAnswer/cabimarkt/catalog.go:124.3,126.3 1 0
github.com/tehAnswer/cabimarkt/catalog.go:129.82,130.57 1 1
github.com/tehAnswer/cabimarkt/catalog.go:135.2,135.14 1 1
github.com/tehAnswer/cabimarkt/catalog.go:130.57,131.42 1 1
github.com/tehAnswer/cabimarkt/catalog.go:131.42,133.4 1 1
github.com/tehAnswer/cabimarkt/catalog.go:138.86,139.57 1 1
github.com/tehAnswer/cabimarkt/catalog.go:146.2,146.33 1 1
github.com/tehAnswer/cabimarkt/catalog.go:139.57,140.42 1 1
github.com/tehAnswer/cabimarkt/catalog.go:140.42,144.4 3 1
github.com/tehAnswer/cabimarkt/catalog.go:149.56,152.2 2 0
